tensor([[-2.9137],
        [ 2.7591],
        [ 1.2505],
        [ 0.2119],
        [-1.2821],
        [ 2.9905],
        [-2.1600],
        [-2.5643],
        [ 0.3617],
        [ 1.1952],
        [ 1.3820],
        [-0.9731],
        [ 2.0182],
        [ 1.1685],
        [-0.1342],
        [ 2.8520],
        [ 1.6214],
        [ 2.7284],
        [ 1.4585],
        [ 2.8879],
        [ 0.9947],
        [-1.4727],
        [-0.7913],
        [ 1.6237],
        [ 1.5386],
        [-0.1578],
        [ 1.7111],
        [-0.0098],
        [-2.3832],
        [ 0.8213],
        [ 2.4475],
        [ 0.0447],
        [-1.8528],
        [-0.8333],
        [-1.3491],
        [ 2.7668],
        [-2.4680],
        [-2.9609],
        [ 0.1221],
        [-0.1962],
        [-0.5364],
        [ 0.8333],
        [ 1.5553],
        [ 2.9273],
        [-0.5762],
        [-1.4969],
        [-1.4035],
        [-0.7663],
        [ 1.6459],
        [-0.5777],
        [-0.8688],
        [-1.9850],
        [-1.1797],
        [-2.9537],
        [-2.2458],
        [ 0.7329],
        [ 0.4555],
        [ 2.3048],
        [-0.8974],
        [-1.3029],
        [-1.3971],
        [ 2.6422],
        [-1.0045],
        [-0.6875],
        [ 1.7070],
        [-1.7170],
        [ 1.6506],
        [ 2.9136],
        [-0.9884],
        [ 1.2678],
        [-0.9977],
        [ 2.0076],
        [ 2.6466],
        [ 1.7839],
        [ 0.3827],
        [ 1.4768],
        [-0.2533],
        [-1.2837],
        [-2.0434],
        [ 0.9241],
        [-1.7006],
        [ 0.1612],
        [ 2.6469],
        [-1.9388],
        [-1.7268],
        [-1.1140],
        [ 0.0031],
        [-2.8128],
        [-1.4673],
        [-0.5591],
        [-2.6220],
        [-1.7244],
        [-0.9319],
        [ 0.9380],
        [ 2.1529],
        [-2.3440],
        [ 1.1556],
        [-1.7044],
        [-1.1942],
        [ 2.7907],
        [-2.3176],
        [-2.6135],
        [ 0.8079],
        [ 1.6863],
        [ 0.1122],
        [-0.0058],
        [-2.9897],
        [-2.9098],
        [ 1.6449],
        [-1.6472],
        [ 0.9974],
        [-2.4626],
        [ 1.0744],
        [ 2.3797],
        [-2.4877],
        [-1.4671],
        [-2.0818],
        [-1.7685],
        [ 1.9066],
        [-0.7899],
        [ 0.1204],
        [-1.8532],
        [ 1.1521],
        [-2.4499],
        [-0.7418],
        [-0.2112],
        [-1.0864],
        [-2.8447],
        [ 2.1267],
        [-1.0606],
        [ 2.3585],
        [ 1.8336],
        [-0.4984],
        [ 2.8820],
        [-0.3225],
        [ 0.4540],
        [-1.9850],
        [ 0.4420],
        [-2.4171],
        [ 0.4736],
        [-0.4261],
        [ 2.3140],
        [-2.9026],
        [ 0.9810],
        [ 1.6504],
        [-0.9255],
        [ 1.7128],
        [ 2.1872],
        [ 0.4165],
        [ 0.1082],
        [-2.0463],
        [-1.8754],
        [ 1.0906],
        [-0.0254],
        [ 0.7963],
        [-0.8201],
        [-2.6559],
        [ 0.7300],
        [-1.3198],
        [ 0.6042],
        [ 2.4063],
        [-2.9302],
        [-1.1475],
        [ 1.9910],
        [-0.9450],
        [-0.6343],
        [-1.2763],
        [ 2.7309],
        [ 1.8916],
        [-1.7153],
        [ 1.3210],
        [-1.9943],
        [ 1.1659],
        [-0.8156],
        [-2.1466],
        [-2.0346],
        [ 1.6041],
        [ 2.1703],
        [-0.3243],
        [ 2.0172],
        [-1.3304],
        [-0.7935],
        [-0.5650],
        [ 0.2273],
        [ 2.4834],
        [-0.7644],
        [ 2.9902],
        [ 2.4011],
        [-1.6087],
        [-0.2268],
        [-0.9594],
        [ 0.1241],
        [-2.1012],
        [-2.2147],
        [ 0.2085],
        [-2.3785],
        [ 1.5500],
        [ 1.8617],
        [-2.9729],
        [ 1.1772],
        [ 2.7762],
        [-0.5080],
        [ 1.3236],
        [-1.1454],
        [-0.3622],
        [ 0.2774],
        [-0.4682],
        [-2.3721],
        [ 1.4004],
        [-0.7153],
        [-0.8692],
        [ 2.6184],
        [ 2.0825],
        [ 2.4737],
        [ 1.6476],
        [ 2.5634],
        [ 1.2815],
        [ 0.7676],
        [-1.5298],
        [-2.9162],
        [ 0.3063],
        [ 1.1411],
        [-2.5383],
        [ 2.7805],
        [ 2.6984],
        [-2.3804],
        [ 0.8377],
        [ 2.0213],
        [ 2.5028],
        [-1.9515],
        [-1.8546],
        [-2.0110],
        [ 1.0517],
        [-0.8595],
        [ 0.7079],
        [-2.4642],
        [ 0.4104],
        [ 1.5687],
        [-1.9490],
        [-0.6504],
        [ 1.6532],
        [ 1.3999],
        [ 0.8215],
        [-2.8807],
        [-2.8157],
        [-0.0155],
        [ 1.0468],
        [ 0.3786],
        [ 1.3610],
        [-2.6183],
        [ 2.9319],
        [ 1.6818],
        [ 2.8791],
        [-0.6323],
        [-2.2732],
        [ 2.3176],
        [ 0.1396],
        [-1.0090],
        [-1.7203],
        [ 0.8723],
        [-0.8207],
        [-2.2723],
        [-1.9353],
        [-0.2083],
        [-0.3891],
        [-2.5143],
        [-0.7451],
        [ 1.5473],
        [-2.4854],
        [-0.7564],
        [ 1.5886],
        [-0.9556],
        [ 0.9423],
        [ 1.3688],
        [-0.1210],
        [ 1.4448],
        [-1.3913],
        [-0.5651],
        [ 2.5414],
        [-0.7178],
        [ 2.4898],
        [ 1.9842],
        [-1.3370],
        [-2.1654],
        [ 0.1902],
        [-0.5717],
        [-1.8045],
        [ 1.2221],
        [ 1.3198],
        [-0.2692],
        [ 1.7227],
        [ 0.3606],
        [ 1.5839],
        [-1.3321],
        [-1.1735],
        [ 0.0339],
        [-0.0213],
        [ 0.0351],
        [ 2.4185],
        [-0.7253],
        [ 2.8582],
        [ 1.9957],
        [ 1.9028],
        [-0.6906],
        [-0.1535],
        [-2.1831],
        [-1.9118],
        [ 0.9163],
        [-1.7582],
        [-1.4977],
        [ 2.1533],
        [ 0.3367],
        [ 2.5623],
        [-1.0567],
        [ 0.9630],
        [-0.3553],
        [ 0.0217],
        [ 0.7940],
        [-2.3935],
        [ 1.1467],
        [-1.9793],
        [ 1.4081],
        [ 2.1451],
        [-0.1886],
        [ 2.9484],
        [-2.2799],
        [-0.9378],
        [-0.1224],
        [ 2.5821],
        [-1.9899],
        [-1.8846],
        [-1.9220],
        [ 0.0283],
        [-2.2876],
        [ 1.4775],
        [-1.5509],
        [-2.7777],
        [-1.2671],
        [ 0.0301],
        [-1.7509],
        [ 1.2384],
        [-1.6982],
        [ 1.9821],
        [-0.3866],
        [ 1.8460],
        [ 1.3414],
        [-1.6451],
        [ 2.4173],
        [ 1.2098],
        [-1.7962],
        [ 0.2259],
        [ 2.1344],
        [-0.5417],
        [-2.0930],
        [ 1.4845],
        [-0.6112],
        [ 0.9547],
        [ 1.3459],
        [ 2.1789],
        [ 1.8487],
        [ 1.8883],
        [ 1.5251],
        [ 2.4722],
        [ 1.3304],
        [ 0.7405],
        [ 1.8728],
        [-0.0056],
        [ 1.1096],
        [ 2.0617],
        [-1.6941],
        [ 0.8958],
        [ 2.3405],
        [-1.4376],
        [ 1.1915],
        [-2.2897],
        [ 2.5330],
        [-2.6040],
        [-0.8878],
        [ 0.8979],
        [ 2.3226],
        [-0.9842],
        [ 1.9338],
        [ 2.2000],
        [-2.9552],
        [ 2.6889],
        [ 1.7386],
        [ 2.9215],
        [-0.4528],
        [-1.2416],
        [-2.1458],
        [ 1.5017],
        [-1.6244],
        [ 2.0755],
        [ 0.5407],
        [-0.7575],
        [ 2.3797],
        [-1.7388],
        [ 2.3208],
        [ 0.8053],
        [-0.4466],
        [ 0.3345],
        [ 2.6723],
        [-2.0309],
        [-1.2051],
        [-1.5343],
        [ 1.2566],
        [ 2.5467],
        [-1.0439],
        [ 0.5810],
        [ 0.6167],
        [-2.9145],
        [ 1.9663],
        [-2.8429],
        [ 0.4127],
        [-2.3444],
        [-1.1459],
        [ 1.3322],
        [ 2.3253],
        [ 0.0256],
        [ 0.0645],
        [ 0.2005],
        [-2.6546],
        [ 0.3743],
        [ 0.9896],
        [ 2.5057],
        [-1.3004],
        [ 2.4422],
        [ 1.3569],
        [ 1.2595],
        [ 2.3005],
        [-0.5314],
        [-0.0118],
        [-0.8655],
        [ 1.1687],
        [ 0.9579],
        [-2.9748],
        [ 2.0393],
        [-2.1820],
        [ 1.3616],
        [ 0.4521],
        [-1.1717],
        [ 0.6086],
        [ 1.0477],
        [ 2.2546],
        [-0.0773],
        [ 0.7502],
        [-2.2473],
        [-2.4137],
        [-0.8088],
        [-2.7177],
        [-0.3676],
        [ 2.4990],
        [-1.0881],
        [ 1.3191],
        [-0.6676],
        [ 1.6508],
        [ 1.8362],
        [ 2.6946],
        [ 2.7200],
        [-0.2237],
        [-0.4156],
        [ 2.3365],
        [ 0.3259],
        [ 1.5900],
        [-1.0765],
        [-1.4436],
        [ 0.2036],
        [-0.4736],
        [-0.9166],
        [-0.1135],
        [-1.2552],
        [ 1.4771],
        [ 2.3401],
        [-2.4459],
        [-0.8433],
        [-2.0306],
        [ 2.5914],
        [ 2.1867],
        [-0.5891],
        [-0.8729],
        [-2.6028],
        [ 1.4605],
        [ 2.5308],
        [ 2.3978],
        [-2.4558],
        [ 1.0273],
        [ 1.6233],
        [-1.5400],
        [-0.7867],
        [-2.7805],
        [ 0.4360],
        [ 2.5967],
        [ 2.0463],
        [-2.4645],
        [ 0.5367],
        [-2.4311],
        [-0.0735],
        [ 1.8842],
        [-2.3620],
        [ 0.9384],
        [-1.8864],
        [ 2.3008],
        [ 2.0320],
        [ 0.4446],
        [ 0.6345],
        [ 2.6105],
        [ 0.5556],
        [-2.8895],
        [-0.8843],
        [-0.4319],
        [-0.5317],
        [ 0.0311],
        [-0.0902],
        [ 1.1963],
        [-0.5011],
        [-0.8314],
        [ 1.5062],
        [-1.4593],
        [ 2.4937],
        [ 0.5865],
        [ 0.4548],
        [ 0.6351],
        [-1.6712],
        [ 0.7810],
        [ 1.6700],
        [ 2.6533],
        [ 0.0494],
        [ 2.9242],
        [-2.8487],
        [ 0.3556],
        [-2.4768],
        [-0.5171],
        [-0.7873],
        [-2.2885],
        [ 2.8399],
        [-1.6554],
        [-2.1042],
        [ 2.8288],
        [-0.5768],
        [ 0.0681],
        [ 2.3929],
        [-1.2639],
        [-2.6657],
        [-1.5045],
        [ 1.3836],
        [ 0.6640],
        [-1.7954],
        [-1.5301],
        [ 2.1343],
        [ 2.4645],
        [-1.4591],
        [ 0.4741],
        [ 1.7881],
        [-1.0419],
        [ 1.0596],
        [-1.8426],
        [-2.5412],
        [-1.9805],
        [ 1.1940],
        [-2.4202],
        [-2.9841],
        [ 2.8946],
        [-0.6796],
        [-2.9893],
        [-1.5124],
        [ 1.0516],
        [-2.3687],
        [ 2.4268],
        [-2.3119],
        [ 2.6400],
        [-0.4051],
        [-1.4891],
        [-0.4658],
        [-2.5119],
        [ 1.0296],
        [-0.7263],
        [ 0.1119],
        [-1.6052],
        [-0.0857],
        [-1.2105],
        [-1.2114],
        [ 1.4279],
        [ 2.0715],
        [ 1.9652],
        [ 0.0071],
        [-0.3039],
        [-0.1901],
        [-0.0423],
        [ 2.2553],
        [ 2.5556],
        [ 1.0647],
        [ 2.0672],
        [ 0.0249],
        [-2.9533],
        [ 2.6303],
        [ 1.7505],
        [-2.2587],
        [-0.8618],
        [ 0.9643],
        [-1.5688],
        [-2.0651],
        [ 1.3764],
        [-0.6464],
        [ 0.2004],
        [-2.5445],
        [-0.6111],
        [-1.3136],
        [ 2.0787],
        [ 0.0614],
        [ 0.0346],
        [-1.6546],
        [-2.9283],
        [ 1.2674],
        [ 2.5284],
        [ 2.7217],
        [-1.2657],
        [ 0.8972],
        [-1.9245],
        [ 1.9958],
        [ 2.9302],
        [-2.9785],
        [ 1.0996],
        [ 0.6549],
        [-0.5174],
        [ 1.3790],
        [ 1.6727],
        [-2.0701],
        [-1.3817],
        [ 2.8636],
        [-1.0418],
        [ 1.6165],
        [-1.1849],
        [ 0.7566],
        [-0.4235],
        [-0.1909],
        [-0.6874],
        [-2.5241],
        [ 0.6320],
        [-2.7890],
        [-1.2704]])
AssertionError: Failure during projection 7: NLOPT failure
The above exception was the direct cause of the following exception:
Traceback (most recent call last):
  File "/home/luyao/amortized_vi_trpl/2DGaussian/model.py", line 133, in <module>
    proj_mean, proj_cov = KLProjection.apply((mean_pred, cov_pred), (mean_old, cov_old), eps, beta)
  File "/home/luyao/amortized_vi_trpl/2DGaussian/kl_projection.py", line 23, in forward
    old_mean, old_cov, mean, cov)
SystemError: <built-in method forward of PyCapsule object at 0x7f7ad86b85a0> returned a result with an error set