tensor([[ 1.8911e+00],
        [-2.7348e+00],
        [ 6.7777e-01],
        [ 1.5886e+00],
        [ 1.1960e+00],
        [ 1.4790e+00],
        [ 4.3707e-01],
        [-2.4070e-01],
        [ 2.3408e+00],
        [ 1.6485e+00],
        [-3.2583e-01],
        [ 1.2887e+00],
        [ 7.7288e-01],
        [ 1.2990e+00],
        [ 6.0141e-01],
        [ 2.5316e+00],
        [ 2.6952e+00],
        [ 1.1521e+00],
        [ 1.0346e+00],
        [ 1.6594e-04],
        [ 1.2388e+00],
        [-2.7656e+00],
        [-8.9428e-01],
        [-2.3301e+00],
        [ 1.3875e+00],
        [ 1.7909e-01],
        [ 2.7707e+00],
        [ 2.9817e+00],
        [-7.6439e-01],
        [ 1.7037e+00],
        [ 1.4164e+00],
        [ 2.0947e+00],
        [-2.7029e+00],
        [ 5.8411e-01],
        [-2.2610e-01],
        [-2.7769e+00],
        [-4.7458e-01],
        [ 1.0542e+00],
        [ 1.7756e+00],
        [-2.8845e-01],
        [-1.8453e+00],
        [-2.0655e+00],
        [-6.8197e-02],
        [ 1.5735e+00],
        [-1.5984e+00],
        [ 2.6393e+00],
        [ 1.9822e+00],
        [-2.9075e-01],
        [-4.6810e-01],
        [ 2.9293e+00],
        [-7.4328e-01],
        [ 1.8258e+00],
        [ 2.2011e+00],
        [-1.2519e+00],
        [ 2.4889e-01],
        [ 2.6468e-01],
        [-2.4250e+00],
        [-2.2831e+00],
        [ 2.2916e+00],
        [ 1.9933e+00],
        [-6.0606e-01],
        [-1.8923e+00],
        [ 1.9452e+00],
        [-1.8192e+00],
        [ 1.4176e+00],
        [-2.8420e+00],
        [-9.4700e-01],
        [ 3.0056e-02],
        [ 8.8593e-01],
        [-9.5680e-01],
        [ 1.1482e+00],
        [-2.9426e+00],
        [ 6.8848e-01],
        [ 2.2419e+00],
        [ 9.3888e-01],
        [-2.8721e+00],
        [-1.2109e+00],
        [ 1.1886e+00],
        [ 2.7813e+00],
        [ 7.4629e-01],
        [ 1.0441e+00],
        [-7.7381e-01],
        [-4.3698e-01],
        [-1.9566e+00],
        [ 8.2063e-01],
        [-2.5057e+00],
        [-2.0214e+00],
        [-1.2108e+00],
        [ 2.0730e+00],
        [ 1.9710e+00],
        [-2.9149e+00],
        [-2.3863e+00],
        [ 1.1611e+00],
        [-1.6633e+00],
        [ 2.6950e+00],
        [-1.7197e+00],
        [-7.9121e-01],
        [-9.7802e-01],
        [-9.9613e-02],
        [ 1.8733e+00],
        [ 1.2340e+00],
        [-2.0871e+00],
        [ 1.2316e+00],
        [-2.0601e+00],
        [ 2.4104e+00],
        [ 1.2082e+00],
        [ 1.0762e+00],
        [-1.3076e+00],
        [-4.2681e-01],
        [ 7.6807e-01],
        [ 2.8848e+00],
        [-2.3108e+00],
        [ 1.0642e+00],
        [-8.2302e-01],
        [-2.5434e+00],
        [ 1.4077e+00],
        [-1.0761e+00],
        [ 1.5757e+00],
        [ 2.5703e+00],
        [ 1.7537e+00],
        [ 1.4293e+00],
        [-2.9594e+00],
        [-7.1110e-01],
        [-1.5646e+00],
        [ 2.6434e+00],
        [-1.6694e+00],
        [ 2.1834e+00],
        [ 2.5055e+00],
        [ 1.6233e+00],
        [-7.9342e-01],
        [ 5.1193e-01],
        [-6.3014e-01],
        [ 1.1821e+00],
        [ 1.1687e-01],
        [ 5.5356e-02],
        [-4.8928e-01],
        [ 3.8564e-01],
        [-1.6132e+00],
        [ 2.3089e+00],
        [ 6.9526e-01],
        [-1.1915e+00],
        [ 2.3226e+00],
        [ 7.4829e-01],
        [-2.3375e+00],
        [ 2.8822e+00],
        [-8.2353e-01],
        [ 2.7393e+00],
        [ 1.0173e+00],
        [ 2.3353e+00],
        [-7.1184e-01],
        [ 7.5537e-01],
        [ 1.0354e+00],
        [ 2.8085e+00],
        [ 1.7112e+00],
        [-9.0723e-01],
        [-6.6081e-01],
        [ 1.8499e+00],
        [ 3.6502e-01],
        [ 2.6069e+00],
        [-1.7867e+00],
        [ 1.0841e+00],
        [-1.2367e+00],
        [ 2.3056e+00],
        [ 1.0385e+00],
        [-6.7916e-01],
        [-7.8183e-01],
        [-2.4305e-01],
        [ 2.3559e+00],
        [-8.8680e-01],
        [ 2.1750e+00],
        [-2.3697e+00],
        [-1.8546e+00],
        [-1.0049e+00],
        [ 1.6695e+00],
        [ 7.4715e-01],
        [ 6.9917e-02],
        [ 5.9261e-01],
        [-2.1740e+00],
        [-9.3611e-01],
        [ 1.1876e+00],
        [ 8.5799e-01],
        [ 2.8362e+00],
        [-2.8456e-01],
        [ 1.0316e+00],
        [-1.8093e+00],
        [-2.4081e+00],
        [ 2.3364e+00],
        [ 2.7344e+00],
        [-4.1215e-01],
        [-2.2171e+00],
        [ 2.4096e+00],
        [-8.9860e-01],
        [-2.3640e+00],
        [ 5.2294e-01],
        [-4.7770e-02],
        [-6.5728e-01],
        [ 2.3837e+00],
        [-6.5351e-02],
        [-1.8090e+00],
        [ 1.8342e+00],
        [-3.0930e-02],
        [-4.0794e-01],
        [-2.1919e+00],
        [-1.0144e+00],
        [-2.7438e+00],
        [ 3.4958e-02],
        [ 1.2560e+00],
        [ 2.6916e+00],
        [-2.0783e+00],
        [-2.1337e+00],
        [ 1.8909e+00],
        [-1.8692e+00],
        [-1.7521e+00],
        [ 2.1402e+00],
        [ 2.7066e+00],
        [-2.1206e+00],
        [-2.0572e+00],
        [ 2.4194e+00],
        [-3.6466e-02],
        [ 1.1028e-01],
        [ 2.2680e+00],
        [-3.1060e-01],
        [-1.5949e+00],
        [ 2.2132e+00],
        [-8.3656e-01],
        [-1.0616e+00],
        [ 9.8100e-01],
        [-1.2183e+00],
        [-1.3571e+00],
        [ 9.4187e-01],
        [ 1.0035e+00],
        [ 2.5038e+00],
        [ 7.5682e-01],
        [-7.3122e-02],
        [ 4.9816e-01],
        [ 2.2386e+00],
        [ 2.4825e+00],
        [ 1.4519e+00],
        [ 2.6424e+00],
        [ 1.8493e+00],
        [ 2.2092e+00],
        [-2.5072e+00],
        [ 1.2485e+00],
        [-2.3099e+00],
        [-2.2636e+00],
        [ 8.9586e-01],
        [ 4.0205e-01],
        [ 2.6801e+00],
        [-2.1663e+00],
        [-2.7192e+00],
        [-2.5060e+00],
        [ 2.8644e-01],
        [ 9.3260e-01],
        [-2.8227e+00],
        [ 9.5491e-01],
        [ 1.3403e+00],
        [-2.4009e+00],
        [-5.1426e-01],
        [ 6.2256e-01],
        [ 1.0991e+00],
        [ 2.3036e+00],
        [-2.1651e+00],
        [-2.6579e+00],
        [-1.5383e+00],
        [-1.2729e+00],
        [ 2.7816e+00],
        [ 1.8495e+00],
        [ 1.0034e+00],
        [ 1.0776e+00],
        [-1.5898e+00],
        [-9.0258e-01],
        [-3.6319e-01],
        [ 1.4190e+00],
        [-1.0491e+00],
        [-6.3664e-01],
        [ 2.9369e+00],
        [ 1.5927e+00],
        [ 6.6344e-01],
        [ 2.7678e-01],
        [ 2.8737e+00],
        [ 2.0122e-01],
        [-8.9246e-01],
        [-2.0127e+00],
        [ 1.1641e+00],
        [-1.4134e+00],
        [ 3.1698e-01],
        [-1.5248e+00],
        [ 8.2048e-01],
        [-9.6276e-01],
        [ 1.0692e+00],
        [ 2.8882e+00],
        [ 3.2471e-01],
        [-1.0037e+00],
        [ 2.7712e+00],
        [-8.0664e-01],
        [ 1.7963e+00],
        [-1.1079e+00],
        [-1.2520e+00],
        [-1.3094e+00],
        [-1.5856e+00],
        [-1.0171e+00],
        [ 4.8674e-01],
        [ 2.0269e+00],
        [-2.8262e+00],
        [-5.3789e-01],
        [ 2.9621e-02],
        [-4.1682e-02],
        [-5.9199e-01],
        [-1.3663e+00],
        [ 1.8632e+00],
        [-1.1103e+00],
        [ 7.2380e-01],
        [ 1.8805e+00],
        [-7.7607e-01],
        [ 8.4901e-01],
        [-2.5633e+00],
        [-2.2927e+00],
        [-6.9420e-01],
        [-1.7134e+00],
        [-6.3902e-01],
        [ 2.4482e-01],
        [-2.4125e-01],
        [ 2.8640e+00],
        [ 1.8371e+00],
        [-2.3118e+00],
        [ 9.2748e-01],
        [-2.1117e+00],
        [-3.9487e-01],
        [ 5.1999e-01],
        [ 9.1883e-01],
        [ 1.2228e+00],
        [ 1.6437e+00],
        [-2.5318e+00],
        [ 3.2787e-01],
        [ 1.9196e+00],
        [-2.4215e+00],
        [ 2.3236e+00],
        [-2.9506e+00],
        [-1.4015e+00],
        [ 9.4818e-01],
        [-1.1489e+00],
        [ 1.0247e+00],
        [ 6.3492e-01],
        [-1.9342e+00],
        [ 2.5828e-01],
        [-4.3371e-01],
        [-6.9176e-01],
        [-8.9086e-01],
        [-2.7921e+00],
        [ 1.5485e+00],
        [ 6.7026e-01],
        [ 5.1888e-01],
        [ 2.0500e+00],
        [-2.3754e+00],
        [ 1.1955e+00],
        [ 2.9942e-01],
        [ 2.4617e+00],
        [ 1.4443e+00],
        [-1.6644e+00],
        [ 1.4042e+00],
        [-1.5467e+00],
        [ 2.8730e+00],
        [-2.2498e+00],
        [-1.8300e+00],
        [-1.8522e-01],
        [ 1.1570e+00],
        [ 6.8189e-01],
        [ 1.1387e+00],
        [-2.0556e+00],
        [ 2.2647e+00],
        [ 5.5247e-02],
        [ 1.0960e+00],
        [-1.7136e+00],
        [ 2.9068e+00],
        [ 1.3583e+00],
        [ 1.8347e+00],
        [-1.2102e+00],
        [ 1.3019e+00],
        [-7.6113e-01],
        [-5.8151e-01],
        [ 9.6650e-01],
        [ 1.7235e+00],
        [ 1.6128e+00],
        [-1.8183e+00],
        [ 2.4235e+00],
        [ 1.6140e+00],
        [-2.2923e+00],
        [ 1.5570e+00],
        [-1.8597e+00],
        [-8.6573e-01],
        [-1.1518e+00],
        [-2.0629e+00],
        [ 6.0432e-01],
        [ 2.7010e-01],
        [ 2.1506e+00],
        [-2.4678e+00],
        [-2.0609e+00],
        [ 3.2218e-01],
        [ 2.3941e+00],
        [ 2.9287e+00],
        [ 1.8450e+00],
        [-4.0621e-02],
        [ 2.2763e+00],
        [-1.1852e+00],
        [ 2.5705e+00],
        [-1.2661e+00],
        [-2.8788e+00],
        [ 2.7954e+00],
        [ 1.4364e+00],
        [-2.2852e+00],
        [-2.0238e+00],
        [ 7.1241e-01],
        [-1.2405e+00],
        [-2.2763e+00],
        [ 1.5686e+00],
        [-2.0453e+00],
        [ 1.5045e+00],
        [-1.8360e+00],
        [-1.6973e-01],
        [ 2.3285e+00],
        [-2.4362e+00],
        [-1.6015e+00],
        [ 1.8096e+00],
        [-1.5339e+00],
        [-1.2691e+00],
        [ 1.9822e+00],
        [-2.7649e+00],
        [-5.8270e-01],
        [-2.5256e+00],
        [-5.4564e-01],
        [ 2.2140e+00],
        [ 1.0883e+00],
        [ 1.4558e+00],
        [ 2.3897e-01],
        [-1.3645e+00],
        [ 9.6550e-02],
        [-6.3804e-01],
        [-6.1815e-01],
        [-1.0325e+00],
        [-2.3851e+00],
        [-1.5176e-01],
        [-1.2286e+00],
        [-2.6219e+00],
        [ 1.3860e+00],
        [-1.6954e+00],
        [-2.1991e+00],
        [ 4.0342e-02],
        [ 7.7364e-01],
        [ 1.2523e+00],
        [ 1.8954e+00],
        [-1.4676e+00],
        [-2.5805e+00],
        [-9.2738e-01],
        [-8.6647e-01],
        [ 1.5084e+00],
        [-2.8248e+00],
        [ 1.4749e+00],
        [-5.0423e-01],
        [ 2.2537e+00],
        [ 1.1415e+00],
        [-3.0806e-01],
        [ 2.8984e+00],
        [-2.3571e-01],
        [ 1.8077e+00],
        [ 4.8942e-01],
        [ 1.9228e+00],
        [-1.9619e+00],
        [ 1.6250e+00],
        [-1.8818e+00],
        [ 1.8376e+00],
        [-8.5004e-01],
        [ 1.5375e+00],
        [ 6.9149e-01],
        [-1.4995e+00],
        [-2.3177e-02],
        [ 1.0030e+00],
        [-8.3849e-01],
        [ 1.6323e+00],
        [-1.4806e-01],
        [ 7.1293e-01],
        [-4.8221e-01],
        [ 4.2607e-01],
        [-1.3618e+00],
        [ 4.2530e-01],
        [-4.3869e-01],
        [ 1.9150e+00],
        [-1.5661e+00],
        [ 2.2522e+00],
        [-1.0130e+00],
        [ 2.3609e+00],
        [-8.5458e-01],
        [ 2.1965e+00],
        [ 1.5796e+00],
        [ 5.5133e-01],
        [-2.4314e+00],
        [ 2.6920e+00],
        [ 2.5278e+00],
        [ 1.3273e+00],
        [-1.6269e+00],
        [-1.8625e+00],
        [ 1.6182e+00],
        [-1.2470e+00],
        [ 2.7496e+00],
        [-1.9716e+00],
        [-2.6755e+00],
        [ 2.4895e-01],
        [-1.3439e+00],
        [-9.6373e-01],
        [ 2.6907e+00],
        [ 8.9139e-01],
        [ 5.9153e-01],
        [ 1.5516e+00],
        [ 2.4325e+00],
        [-3.4574e-01],
        [ 2.7942e+00],
        [ 2.1931e+00],
        [ 1.5021e+00],
        [ 4.6768e-01],
        [ 6.2859e-01],
        [ 1.2007e-01],
        [-1.4160e+00],
        [-2.1325e-02],
        [-1.2264e+00],
        [-7.0729e-01],
        [ 3.2086e-02],
        [-1.2423e+00],
        [-8.6967e-01],
        [ 2.1258e+00],
        [ 9.4395e-01],
        [ 1.1769e+00],
        [-2.0532e+00],
        [-1.6265e+00],
        [ 3.3544e-01],
        [-1.1305e+00],
        [ 1.7792e+00],
        [ 8.1254e-01],
        [-4.9587e-01],
        [-1.1331e+00],
        [ 1.6428e+00],
        [-1.9804e+00],
        [-1.0723e+00],
        [-2.6414e+00],
        [ 1.1676e+00],
        [-1.3539e-01],
        [-4.8128e-01],
        [-4.6258e-01],
        [ 2.9446e+00],
        [ 2.3371e+00],
        [-1.9881e+00],
        [-2.1042e+00],
        [-2.1478e+00],
        [ 2.1893e-01],
        [ 1.9091e+00],
        [-1.1074e+00],
        [ 6.2437e-01],
        [-2.4641e+00],
        [-9.4050e-01],
        [-2.3626e+00],
        [ 1.4199e+00],
        [ 9.0582e-01],
        [ 4.1764e-01],
        [ 3.8077e-01],
        [ 2.2224e+00],
        [ 1.0059e+00],
        [ 1.7701e+00],
        [-2.2905e+00],
        [-2.2676e+00],
        [-3.7784e-01],
        [ 2.7197e-01],
        [-2.6073e+00],
        [ 1.0974e+00],
        [ 2.2169e+00],
        [-1.2454e+00],
        [ 1.4933e+00],
        [-2.2895e+00],
        [-2.8626e-01],
        [-2.1197e+00],
        [ 2.6814e-01],
        [-5.8812e-01],
        [ 2.7625e+00],
        [ 1.6090e+00],
        [ 1.1765e+00],
        [ 1.6995e+00],
        [ 1.1829e+00],
        [-2.7480e+00],
        [-2.3813e+00],
        [-3.6228e-02],
        [-2.4790e-02],
        [ 4.3442e-02],
        [ 1.0209e+00],
        [ 3.4834e-01],
        [-2.0749e+00],
        [ 2.4292e+00],
        [-2.3010e+00],
        [ 1.4004e+00],
        [-1.0246e+00],
        [ 5.3937e-01],
        [ 5.0096e-01],
        [ 2.3846e+00],
        [-2.9777e+00],
        [-2.4055e+00],
        [-2.8118e+00],
        [ 2.7022e+00],
        [-2.0152e+00],
        [-1.0040e+00],
        [ 5.7663e-01],
        [ 3.1942e-01],
        [ 2.8483e-01],
        [-2.2275e+00],
        [-1.5708e+00],
        [-7.8872e-02],
        [-2.8712e+00],
        [ 1.0052e+00],
        [ 9.0440e-01],
        [-2.7083e+00],
        [ 1.7491e-01],
        [-2.2291e+00],
        [-3.7411e-01],
        [-1.0747e+00],
        [ 2.0682e+00],
        [-1.1593e+00],
        [ 7.3535e-01],
        [ 1.5295e+00],
        [-2.6770e+00],
        [ 2.2866e+00],
        [-1.5293e-01],
        [ 2.9667e+00],
        [ 1.1242e+00],
        [ 9.8767e-01],
        [-1.7228e+00],
        [-3.8069e-01],
        [ 3.7823e-01],
        [ 1.1206e+00],
        [-1.0898e+00],
        [-2.6012e+00],
        [ 2.9922e+00],
        [ 2.3486e+00],
        [-1.5796e+00],
        [ 4.6452e-01],
        [-7.3880e-01]])
AssertionError: Failure during projection 14: NLOPT failure
The above exception was the direct cause of the following exception:
Traceback (most recent call last):
  File "/home/luyao/amortized_vi_trpl/2DGaussian/model.py", line 183, in <module>
    proj_mean, proj_cov = KLProjection.apply((mean_pred, cov_pred), (mean_old, cov_old), eps, beta)
  File "/home/luyao/amortized_vi_trpl/2DGaussian/kl_projection.py", line 23, in forward
    old_mean, old_cov, mean, cov)
SystemError: <built-in method forward of PyCapsule object at 0x7f23c7b6c630> returned a result with an error set